# JRE version: OpenJDK Runtime Environment (8.0_265-b01) (build 1.8.0_265-8u265-b01-0ubuntu2~16.04-b01)
# Java VM: OpenJDK 64-Bit Server VM (25.265-b01 mixed mode linux-amd64 compressed oops)
Heap:
 def new generation   total 115520K, used 12689K [0x00000000c0000000, 0x00000000c7d50000, 0x00000000d5550000)
  eden space 102720K,  12% used [0x00000000c0000000, 0x00000000c0c64558, 0x00000000c6450000)
  from space 12800K,   0% used [0x00000000c6450000, 0x00000000c6450000, 0x00000000c70d0000)
  to   space 12800K,   0% used [0x00000000c70d0000, 0x00000000c70d0000, 0x00000000c7d50000)
 tenured generation   total 306864K, used 306863K [0x00000000d5550000, 0x00000000e80fc000, 0x0000000100000000)
   the space 306864K,  99% used [0x00000000d5550000, 0x00000000e80fbf48, 0x00000000e80fc000, 0x00000000e80fc000)
 Metaspace       used 71532K, capacity 72424K, committed 72832K, reserved 1112064K
  class space    used 10323K, capacity 10522K, committed 10624K, reserved 1048576K
GC Heap History (10 events):
Event: 4938.801 GC heap after
Heap after GC invocations=256 (full 8):
 def new generation   total 29888K, used 3263K [0x00000000c0000000, 0x00000000c2060000, 0x00000000d5550000)
  eden space 26624K,   0% used [0x00000000c0000000, 0x00000000c0000000, 0x00000000c1a00000)
  from space 3264K,  99% used [0x00000000c1d30000, 0x00000000c205fff8, 0x00000000c2060000)
  to   space 3264K,   0% used [0x00000000c1a00000, 0x00000000c1a00000, 0x00000000c1d30000)
 tenured generation   total 66172K, used 56174K [0x00000000d5550000, 0x00000000d95ef000, 0x0000000100000000)
   the space 66172K,  84% used [0x00000000d5550000, 0x00000000d8c2b9f8, 0x00000000d8c2ba00, 0x00000000d95ef000)
 Metaspace       used 71511K, capacity 72360K, committed 72576K, reserved 1112064K
  class space    used 10317K, capacity 10522K, committed 10624K, reserved 1048576K
}
Event: 4938.823 GC heap before
{Heap before GC invocations=256 (full 8):
 def new generation   total 29888K, used 29887K [0x00000000c0000000, 0x00000000c2060000, 0x00000000d5550000)
  eden space 26624K, 100% used [0x00000000c0000000, 0x00000000c1a00000, 0x00000000c1a00000)
  from space 3264K,  99% used [0x00000000c1d30000, 0x00000000c205fff8, 0x00000000c2060000)
  to   space 3264K,   0% used [0x00000000c1a00000, 0x00000000c1a00000, 0x00000000c1d30000)
 tenured generation   total 66172K, used 56174K [0x00000000d5550000, 0x00000000d95ef000, 0x0000000100000000)
   the space 66172K,  84% used [0x00000000d5550000, 0x00000000d8c2b9f8, 0x00000000d8c2ba00, 0x00000000d95ef000)
 Metaspace       used 71511K, capacity 72360K, committed 72576K, reserved 1112064K
  class space    used 10317K, capacity 10522K, committed 10624K, reserved 1048576K
Event: 4938.977 GC heap after
Heap after GC invocations=257 (full 9):
 def new generation   total 58176K, used 3233K [0x00000000c0000000, 0x00000000c3f20000, 0x00000000d5550000)
  eden space 51712K,   6% used [0x00000000c0000000, 0x00000000c0328768, 0x00000000c3280000)
  from space 6464K,   0% used [0x00000000c3280000, 0x00000000c3280000, 0x00000000c38d0000)
  to   space 6464K,   0% used [0x00000000c38d0000, 0x00000000c38d0000, 0x00000000c3f20000)
 tenured generation   total 129168K, used 77499K [0x00000000d5550000, 0x00000000dd374000, 0x0000000100000000)
   the space 129168K,  59% used [0x00000000d5550000, 0x00000000da0fef80, 0x00000000da0ff000, 0x00000000dd374000)
 Metaspace       used 71511K, capacity 72360K, committed 72576K, reserved 1112064K
  class space    used 10317K, capacity 10522K, committed 10624K, reserved 1048576K
}
Event: 4939.030 GC heap before
{Heap before GC invocations=257 (full 9):
 def new generation   total 58176K, used 51712K [0x00000000c0000000, 0x00000000c3f20000, 0x00000000d5550000)
  eden space 51712K, 100% used [0x00000000c0000000, 0x00000000c3280000, 0x00000000c3280000)
  from space 6464K,   0% used [0x00000000c3280000, 0x00000000c3280000, 0x00000000c38d0000)
  to   space 6464K,   0% used [0x00000000c38d0000, 0x00000000c38d0000, 0x00000000c3f20000)
 tenured generation   total 129168K, used 77499K [0x00000000d5550000, 0x00000000dd374000, 0x0000000100000000)
   the space 129168K,  59% used [0x00000000d5550000, 0x00000000da0fef80, 0x00000000da0ff000, 0x00000000dd374000)
 Metaspace       used 71532K, capacity 72424K, committed 72832K, reserved 1112064K
  class space    used 10323K, capacity 10522K, committed 10624K, reserved 1048576K
Event: 4939.102 GC heap after
Heap after GC invocations=258 (full 9):
 def new generation   total 58176K, used 6463K [0x00000000c0000000, 0x00000000c3f20000, 0x00000000d5550000)
  eden space 51712K,   0% used [0x00000000c0000000, 0x00000000c0000000, 0x00000000c3280000)
  from space 6464K,  99% used [0x00000000c38d0000, 0x00000000c3f1fff0, 0x00000000c3f20000)
  to   space 6464K,   0% used [0x00000000c3280000, 0x00000000c3280000, 0x00000000c38d0000)
 tenured generation   total 129168K, used 112514K [0x00000000d5550000, 0x00000000dd374000, 0x0000000100000000)
   the space 129168K,  87% used [0x00000000d5550000, 0x00000000dc330b98, 0x00000000dc330c00, 0x00000000dd374000)
 Metaspace       used 71532K, capacity 72424K, committed 72832K, reserved 1112064K
  class space    used 10323K, capacity 10522K, committed 10624K, reserved 1048576K
}
Event: 4939.139 GC heap before
{Heap before GC invocations=258 (full 9):
 def new generation   total 58176K, used 58175K [0x00000000c0000000, 0x00000000c3f20000, 0x00000000d5550000)
  eden space 51712K, 100% used [0x00000000c0000000, 0x00000000c3280000, 0x00000000c3280000)
  from space 6464K,  99% used [0x00000000c38d0000, 0x00000000c3f1fff0, 0x00000000c3f20000)
  to   space 6464K,   0% used [0x00000000c3280000, 0x00000000c3280000, 0x00000000c38d0000)
 tenured generation   total 129168K, used 112514K [0x00000000d5550000, 0x00000000dd374000, 0x0000000100000000)
   the space 129168K,  87% used [0x00000000d5550000, 0x00000000dc330b98, 0x00000000dc330c00, 0x00000000dd374000)
 Metaspace       used 71532K, capacity 72424K, committed 72832K, reserved 1112064K
  class space    used 10323K, capacity 10522K, committed 10624K, reserved 1048576K
Event: 4939.403 GC heap after
Heap after GC invocations=259 (full 10):
 def new generation   total 115520K, used 6403K [0x00000000c0000000, 0x00000000c7d50000, 0x00000000d5550000)
  eden space 102720K,   6% used [0x00000000c0000000, 0x00000000c0640c98, 0x00000000c6450000)
  from space 12800K,   0% used [0x00000000c6450000, 0x00000000c6450000, 0x00000000c70d0000)
  to   space 12800K,   0% used [0x00000000c70d0000, 0x00000000c70d0000, 0x00000000c7d50000)
 tenured generation   total 256560K, used 153935K [0x00000000d5550000, 0x00000000e4fdc000, 0x0000000100000000)
   the space 256560K,  59% used [0x00000000d5550000, 0x00000000deba3fa8, 0x00000000deba4000, 0x00000000e4fdc000)
 Metaspace       used 71532K, capacity 72424K, committed 72832K, reserved 1112064K
  class space    used 10323K, capacity 10522K, committed 10624K, reserved 1048576K
}
Event: 4939.497 GC heap before
{Heap before GC invocations=259 (full 10):
 def new generation   total 115520K, used 102720K [0x00000000c0000000, 0x00000000c7d50000, 0x00000000d5550000)
  eden space 102720K, 100% used [0x00000000c0000000, 0x00000000c6450000, 0x00000000c6450000)
  from space 12800K,   0% used [0x00000000c6450000, 0x00000000c6450000, 0x00000000c70d0000)
  to   space 12800K,   0% used [0x00000000c70d0000, 0x00000000c70d0000, 0x00000000c7d50000)
 tenured generation   total 256560K, used 153935K [0x00000000d5550000, 0x00000000e4fdc000, 0x0000000100000000)
   the space 256560K,  59% used [0x00000000d5550000, 0x00000000deba3fa8, 0x00000000deba4000, 0x00000000e4fdc000)
 Metaspace       used 71532K, capacity 72424K, committed 72832K, reserved 1112064K
  class space    used 10323K, capacity 10522K, committed 10624K, reserved 1048576K
Event: 4939.636 GC heap after
Heap after GC invocations=260 (full 10):
 def new generation   total 115520K, used 12799K [0x00000000c0000000, 0x00000000c7d50000, 0x00000000d5550000)
  eden space 102720K,   0% used [0x00000000c0000000, 0x00000000c0000000, 0x00000000c6450000)
  from space 12800K,  99% used [0x00000000c70d0000, 0x00000000c7d4fff0, 0x00000000c7d50000)
  to   space 12800K,   0% used [0x00000000c6450000, 0x00000000c6450000, 0x00000000c70d0000)
 tenured generation   total 256560K, used 224585K [0x00000000d5550000, 0x00000000e4fdc000, 0x0000000100000000)
   the space 256560K,  87% used [0x00000000d5550000, 0x00000000e30a2588, 0x00000000e30a2600, 0x00000000e4fdc000)
 Metaspace       used 71532K, capacity 72424K, committed 72832K, reserved 1112064K
  class space    used 10323K, capacity 10522K, committed 10624K, reserved 1048576K
}
Event: 4939.708 GC heap before
{Heap before GC invocations=260 (full 10):
 def new generation   total 115520K, used 115519K [0x00000000c0000000, 0x00000000c7d50000, 0x00000000d5550000)
  eden space 102720K, 100% used [0x00000000c0000000, 0x00000000c6450000, 0x00000000c6450000)
  from space 12800K,  99% used [0x00000000c70d0000, 0x00000000c7d4fff0, 0x00000000c7d50000)
  to   space 12800K,   0% used [0x00000000c6450000, 0x00000000c6450000, 0x00000000c70d0000)
 tenured generation   total 256560K, used 224585K [0x00000000d5550000, 0x00000000e4fdc000, 0x0000000100000000)
   the space 256560K,  87% used [0x00000000d5550000, 0x00000000e30a2588, 0x00000000e30a2600, 0x00000000e4fdc000)
 Metaspace       used 71532K, capacity 72424K, committed 72832K, reserved 1112064K
  class space    used 10323K, capacity 10522K, committed 10624K, reserved 1048576K

