# JRE version: OpenJDK Runtime Environment (8.0_265-b01) (build 1.8.0_265-8u265-b01-0ubuntu2~16.04-b01)
# Java VM: OpenJDK 64-Bit Server VM (25.265-b01 mixed mode linux-amd64 compressed oops)
Heap:
 def new generation   total 121280K, used 0K [0x00000000c0000000, 0x00000000c8390000, 0x00000000d5550000)
  eden space 107840K,   0% used [0x00000000c0000000, 0x00000000c0000000, 0x00000000c6950000)
  from space 13440K,   0% used [0x00000000c6950000, 0x00000000c6950000, 0x00000000c7670000)
  to   space 13440K,   0% used [0x00000000c7670000, 0x00000000c7670000, 0x00000000c8390000)
 tenured generation   total 292604K, used 189308K [0x00000000d5550000, 0x00000000e730f000, 0x0000000100000000)
   the space 292604K,  64% used [0x00000000d5550000, 0x00000000e0e2f328, 0x00000000e0e2f400, 0x00000000e730f000)
 Metaspace       used 94214K, capacity 96421K, committed 96896K, reserved 1134592K
  class space    used 12185K, capacity 12506K, committed 12672K, reserved 1048576K
GC Heap History (10 events):
Event: 29835.219 GC heap after
Heap after GC invocations=7164 (full 36):
 def new generation   total 121280K, used 6426K [0x00000000c0000000, 0x00000000c8390000, 0x00000000d5550000)
  eden space 107840K,   0% used [0x00000000c0000000, 0x00000000c0000000, 0x00000000c6950000)
  from space 13440K,  47% used [0x00000000c7670000, 0x00000000c7cb6888, 0x00000000c8390000)
  to   space 13440K,   0% used [0x00000000c6950000, 0x00000000c6950000, 0x00000000c7670000)
 tenured generation   total 269372K, used 231490K [0x00000000d5550000, 0x00000000e5c5f000, 0x0000000100000000)
   the space 269372K,  85% used [0x00000000d5550000, 0x00000000e3760ae0, 0x00000000e3760c00, 0x00000000e5c5f000)
 Metaspace       used 94210K, capacity 96415K, committed 96896K, reserved 1134592K
  class space    used 12184K, capacity 12505K, committed 12672K, reserved 1048576K
}
Event: 29835.346 GC heap before
{Heap before GC invocations=7164 (full 36):
 def new generation   total 121280K, used 114266K [0x00000000c0000000, 0x00000000c8390000, 0x00000000d5550000)
  eden space 107840K, 100% used [0x00000000c0000000, 0x00000000c6950000, 0x00000000c6950000)
  from space 13440K,  47% used [0x00000000c7670000, 0x00000000c7cb6888, 0x00000000c8390000)
  to   space 13440K,   0% used [0x00000000c6950000, 0x00000000c6950000, 0x00000000c7670000)
 tenured generation   total 269372K, used 231490K [0x00000000d5550000, 0x00000000e5c5f000, 0x0000000100000000)
   the space 269372K,  85% used [0x00000000d5550000, 0x00000000e3760ae0, 0x00000000e3760c00, 0x00000000e5c5f000)
 Metaspace       used 94210K, capacity 96415K, committed 96896K, reserved 1134592K
  class space    used 12184K, capacity 12505K, committed 12672K, reserved 1048576K
Event: 29835.354 GC heap after
Heap after GC invocations=7165 (full 36):
 def new generation   total 121280K, used 6596K [0x00000000c0000000, 0x00000000c8390000, 0x00000000d5550000)
  eden space 107840K,   0% used [0x00000000c0000000, 0x00000000c0000000, 0x00000000c6950000)
  from space 13440K,  49% used [0x00000000c6950000, 0x00000000c6fc10a0, 0x00000000c7670000)
  to   space 13440K,   0% used [0x00000000c7670000, 0x00000000c7670000, 0x00000000c8390000)
 tenured generation   total 269372K, used 231490K [0x00000000d5550000, 0x00000000e5c5f000, 0x0000000100000000)
   the space 269372K,  85% used [0x00000000d5550000, 0x00000000e3760ae0, 0x00000000e3760c00, 0x00000000e5c5f000)
 Metaspace       used 94210K, capacity 96415K, committed 96896K, reserved 1134592K
  class space    used 12184K, capacity 12505K, committed 12672K, reserved 1048576K
}
Event: 29835.402 GC heap before
{Heap before GC invocations=7165 (full 36):
 def new generation   total 121280K, used 114436K [0x00000000c0000000, 0x00000000c8390000, 0x00000000d5550000)
  eden space 107840K, 100% used [0x00000000c0000000, 0x00000000c6950000, 0x00000000c6950000)
  from space 13440K,  49% used [0x00000000c6950000, 0x00000000c6fc10a0, 0x00000000c7670000)
  to   space 13440K,   0% used [0x00000000c7670000, 0x00000000c7670000, 0x00000000c8390000)
 tenured generation   total 269372K, used 231490K [0x00000000d5550000, 0x00000000e5c5f000, 0x0000000100000000)
   the space 269372K,  85% used [0x00000000d5550000, 0x00000000e3760ae0, 0x00000000e3760c00, 0x00000000e5c5f000)
 Metaspace       used 94210K, capacity 96415K, committed 96896K, reserved 1134592K
  class space    used 12184K, capacity 12505K, committed 12672K, reserved 1048576K
Event: 29835.409 GC heap after
Heap after GC invocations=7166 (full 36):
 def new generation   total 121280K, used 6751K [0x00000000c0000000, 0x00000000c8390000, 0x00000000d5550000)
  eden space 107840K,   0% used [0x00000000c0000000, 0x00000000c0000000, 0x00000000c6950000)
  from space 13440K,  50% used [0x00000000c7670000, 0x00000000c7d07cb0, 0x00000000c8390000)
  to   space 13440K,   0% used [0x00000000c6950000, 0x00000000c6950000, 0x00000000c7670000)
 tenured generation   total 269372K, used 231490K [0x00000000d5550000, 0x00000000e5c5f000, 0x0000000100000000)
   the space 269372K,  85% used [0x00000000d5550000, 0x00000000e3760ae0, 0x00000000e3760c00, 0x00000000e5c5f000)
 Metaspace       used 94210K, capacity 96415K, committed 96896K, reserved 1134592K
  class space    used 12184K, capacity 12505K, committed 12672K, reserved 1048576K
}
Event: 29835.728 GC heap before
{Heap before GC invocations=7166 (full 36):
 def new generation   total 121280K, used 114208K [0x00000000c0000000, 0x00000000c8390000, 0x00000000d5550000)
  eden space 107840K,  99% used [0x00000000c0000000, 0x00000000c68f0588, 0x00000000c6950000)
  from space 13440K,  50% used [0x00000000c7670000, 0x00000000c7d07cb0, 0x00000000c8390000)
  to   space 13440K,   0% used [0x00000000c6950000, 0x00000000c6950000, 0x00000000c7670000)
 tenured generation   total 269372K, used 231490K [0x00000000d5550000, 0x00000000e5c5f000, 0x0000000100000000)
   the space 269372K,  85% used [0x00000000d5550000, 0x00000000e3760ae0, 0x00000000e3760c00, 0x00000000e5c5f000)
 Metaspace       used 94214K, capacity 96421K, committed 96896K, reserved 1134592K
  class space    used 12185K, capacity 12506K, committed 12672K, reserved 1048576K
Event: 29835.744 GC heap after
Heap after GC invocations=7167 (full 36):
 def new generation   total 121280K, used 7272K [0x00000000c0000000, 0x00000000c8390000, 0x00000000d5550000)
  eden space 107840K,   0% used [0x00000000c0000000, 0x00000000c0000000, 0x00000000c6950000)
  from space 13440K,  54% used [0x00000000c6950000, 0x00000000c706a308, 0x00000000c7670000)
  to   space 13440K,   0% used [0x00000000c7670000, 0x00000000c7670000, 0x00000000c8390000)
 tenured generation   total 269372K, used 231791K [0x00000000d5550000, 0x00000000e5c5f000, 0x0000000100000000)
   the space 269372K,  86% used [0x00000000d5550000, 0x00000000e37abed8, 0x00000000e37ac000, 0x00000000e5c5f000)
 Metaspace       used 94214K, capacity 96421K, committed 96896K, reserved 1134592K
  class space    used 12185K, capacity 12506K, committed 12672K, reserved 1048576K
}
Event: 29835.997 GC heap before
{Heap before GC invocations=7167 (full 36):
 def new generation   total 121280K, used 115112K [0x00000000c0000000, 0x00000000c8390000, 0x00000000d5550000)
  eden space 107840K, 100% used [0x00000000c0000000, 0x00000000c6950000, 0x00000000c6950000)
  from space 13440K,  54% used [0x00000000c6950000, 0x00000000c706a308, 0x00000000c7670000)
  to   space 13440K,   0% used [0x00000000c7670000, 0x00000000c7670000, 0x00000000c8390000)
 tenured generation   total 269372K, used 231791K [0x00000000d5550000, 0x00000000e5c5f000, 0x0000000100000000)
   the space 269372K,  86% used [0x00000000d5550000, 0x00000000e37abed8, 0x00000000e37ac000, 0x00000000e5c5f000)
 Metaspace       used 94214K, capacity 96421K, committed 96896K, reserved 1134592K
  class space    used 12185K, capacity 12506K, committed 12672K, reserved 1048576K
Event: 29836.047 GC heap after
Heap after GC invocations=7168 (full 36):
 def new generation   total 121280K, used 13439K [0x00000000c0000000, 0x00000000c8390000, 0x00000000d5550000)
  eden space 107840K,   0% used [0x00000000c0000000, 0x00000000c0000000, 0x00000000c6950000)
  from space 13440K,  99% used [0x00000000c7670000, 0x00000000c838fff8, 0x00000000c8390000)
  to   space 13440K,   0% used [0x00000000c6950000, 0x00000000c6950000, 0x00000000c7670000)
 tenured generation   total 269372K, used 268569K [0x00000000d5550000, 0x00000000e5c5f000, 0x0000000100000000)
   the space 269372K,  99% used [0x00000000d5550000, 0x00000000e5b96430, 0x00000000e5b96600, 0x00000000e5c5f000)
 Metaspace       used 94214K, capacity 96421K, committed 96896K, reserved 1134592K
  class space    used 12185K, capacity 12506K, committed 12672K, reserved 1048576K
}
Event: 29836.462 GC heap before
{Heap before GC invocations=7168 (full 36):
 def new generation   total 121280K, used 121279K [0x00000000c0000000, 0x00000000c8390000, 0x00000000d5550000)
  eden space 107840K, 100% used [0x00000000c0000000, 0x00000000c6950000, 0x00000000c6950000)
  from space 13440K,  99% used [0x00000000c7670000, 0x00000000c838fff8, 0x00000000c8390000)
  to   space 13440K,   0% used [0x00000000c6950000, 0x00000000c6950000, 0x00000000c7670000)
 tenured generation   total 269372K, used 268569K [0x00000000d5550000, 0x00000000e5c5f000, 0x0000000100000000)
   the space 269372K,  99% used [0x00000000d5550000, 0x00000000e5b96430, 0x00000000e5b96600, 0x00000000e5c5f000)
 Metaspace       used 94214K, capacity 96421K, committed 96896K, reserved 1134592K
  class space    used 12185K, capacity 12506K, committed 12672K, reserved 1048576K

