# JRE version: OpenJDK Runtime Environment (8.0_265-b01) (build 1.8.0_265-8u265-b01-0ubuntu2~16.04-b01)
# Java VM: OpenJDK 64-Bit Server VM (25.265-b01 mixed mode linux-amd64 compressed oops)
Heap:
 def new generation   total 43200K, used 43199K [0x00000000c0000000, 0x00000000c2ee0000, 0x00000000d5550000)
  eden space 38400K, 100% used [0x00000000c0000000, 0x00000000c2580000, 0x00000000c2580000)
  from space 4800K,  99% used [0x00000000c2a30000, 0x00000000c2edfff8, 0x00000000c2ee0000)
  to   space 4800K,  99% used [0x00000000c2580000, 0x00000000c2a2ffe0, 0x00000000c2a30000)
 tenured generation   total 96652K, used 96651K [0x00000000d5550000, 0x00000000db3b3000, 0x0000000100000000)
   the space 96652K,  99% used [0x00000000d5550000, 0x00000000db3b2ff8, 0x00000000db3b3000, 0x00000000db3b3000)
 Metaspace       used 73257K, capacity 74220K, committed 74496K, reserved 1114112K
  class space    used 10505K, capacity 10712K, committed 10752K, reserved 1048576K
GC Heap History (10 events):
Event: 1767.262 GC heap after
Heap after GC invocations=1213 (full 12):
 def new generation   total 19008K, used 0K [0x00000000c0000000, 0x00000000c1490000, 0x00000000d5550000)
  eden space 16960K,   0% used [0x00000000c0000000, 0x00000000c0000000, 0x00000000c1090000)
  from space 2048K,   0% used [0x00000000c1290000, 0x00000000c1290000, 0x00000000c1490000)
  to   space 2048K,   0% used [0x00000000c1090000, 0x00000000c1090000, 0x00000000c1290000)
 tenured generation   total 41972K, used 24331K [0x00000000d5550000, 0x00000000d7e4d000, 0x0000000100000000)
   the space 41972K,  57% used [0x00000000d5550000, 0x00000000d6d12c68, 0x00000000d6d12e00, 0x00000000d7e4d000)
 Metaspace       used 73021K, capacity 73996K, committed 74240K, reserved 1112064K
  class space    used 10472K, capacity 10680K, committed 10752K, reserved 1048576K
}
Event: 1767.268 GC heap before
{Heap before GC invocations=1213 (full 12):
 def new generation   total 19008K, used 16960K [0x00000000c0000000, 0x00000000c1490000, 0x00000000d5550000)
  eden space 16960K, 100% used [0x00000000c0000000, 0x00000000c1090000, 0x00000000c1090000)
  from space 2048K,   0% used [0x00000000c1290000, 0x00000000c1290000, 0x00000000c1490000)
  to   space 2048K,   0% used [0x00000000c1090000, 0x00000000c1090000, 0x00000000c1290000)
 tenured generation   total 41972K, used 24331K [0x00000000d5550000, 0x00000000d7e4d000, 0x0000000100000000)
   the space 41972K,  57% used [0x00000000d5550000, 0x00000000d6d12c68, 0x00000000d6d12e00, 0x00000000d7e4d000)
 Metaspace       used 73034K, capacity 73996K, committed 74240K, reserved 1112064K
  class space    used 10474K, capacity 10680K, committed 10752K, reserved 1048576K
Event: 1767.274 GC heap after
Heap after GC invocations=1214 (full 12):
 def new generation   total 19008K, used 34K [0x00000000c0000000, 0x00000000c1490000, 0x00000000d5550000)
  eden space 16960K,   0% used [0x00000000c0000000, 0x00000000c0000000, 0x00000000c1090000)
  from space 2048K,   1% used [0x00000000c1090000, 0x00000000c1098a30, 0x00000000c1290000)
  to   space 2048K,   0% used [0x00000000c1290000, 0x00000000c1290000, 0x00000000c1490000)
 tenured generation   total 41972K, used 40715K [0x00000000d5550000, 0x00000000d7e4d000, 0x0000000100000000)
   the space 41972K,  97% used [0x00000000d5550000, 0x00000000d7d12c78, 0x00000000d7d12e00, 0x00000000d7e4d000)
 Metaspace       used 73034K, capacity 73996K, committed 74240K, reserved 1112064K
  class space    used 10474K, capacity 10680K, committed 10752K, reserved 1048576K
}
Event: 1767.340 GC heap before
{Heap before GC invocations=1214 (full 12):
 def new generation   total 19008K, used 2660K [0x00000000c0000000, 0x00000000c1490000, 0x00000000d5550000)
  eden space 16960K,  15% used [0x00000000c0000000, 0x00000000c0290680, 0x00000000c1090000)
  from space 2048K,   1% used [0x00000000c1090000, 0x00000000c1098a30, 0x00000000c1290000)
  to   space 2048K,   0% used [0x00000000c1290000, 0x00000000c1290000, 0x00000000c1490000)
 tenured generation   total 41972K, used 40715K [0x00000000d5550000, 0x00000000d7e4d000, 0x0000000100000000)
   the space 41972K,  97% used [0x00000000d5550000, 0x00000000d7d12c78, 0x00000000d7d12e00, 0x00000000d7e4d000)
 Metaspace       used 73200K, capacity 74156K, committed 74240K, reserved 1112064K
  class space    used 10499K, capacity 10712K, committed 10752K, reserved 1048576K
Event: 1767.343 GC heap after
Heap after GC invocations=1215 (full 12):
 def new generation   total 19008K, used 400K [0x00000000c0000000, 0x00000000c1490000, 0x00000000d5550000)
  eden space 16960K,   0% used [0x00000000c0000000, 0x00000000c0000000, 0x00000000c1090000)
  from space 2048K,  19% used [0x00000000c1290000, 0x00000000c12f4178, 0x00000000c1490000)
  to   space 2048K,   0% used [0x00000000c1090000, 0x00000000c1090000, 0x00000000c1290000)
 tenured generation   total 41972K, used 40715K [0x00000000d5550000, 0x00000000d7e4d000, 0x0000000100000000)
   the space 41972K,  97% used [0x00000000d5550000, 0x00000000d7d12c78, 0x00000000d7d12e00, 0x00000000d7e4d000)
 Metaspace       used 73200K, capacity 74156K, committed 74240K, reserved 1112064K
  class space    used 10499K, capacity 10712K, committed 10752K, reserved 1048576K
}
Event: 1767.365 GC heap before
{Heap before GC invocations=1215 (full 12):
 def new generation   total 19008K, used 17360K [0x00000000c0000000, 0x00000000c1490000, 0x00000000d5550000)
  eden space 16960K, 100% used [0x00000000c0000000, 0x00000000c1090000, 0x00000000c1090000)
  from space 2048K,  19% used [0x00000000c1290000, 0x00000000c12f4178, 0x00000000c1490000)
  to   space 2048K,   0% used [0x00000000c1090000, 0x00000000c1090000, 0x00000000c1290000)
 tenured generation   total 41972K, used 40715K [0x00000000d5550000, 0x00000000d7e4d000, 0x0000000100000000)
   the space 41972K,  97% used [0x00000000d5550000, 0x00000000d7d12c78, 0x00000000d7d12e00, 0x00000000d7e4d000)
 Metaspace       used 73219K, capacity 74220K, committed 74496K, reserved 1114112K
  class space    used 10502K, capacity 10712K, committed 10752K, reserved 1048576K
Event: 1767.448 GC heap after
Heap after GC invocations=1216 (full 13):
 def new generation   total 43200K, used 0K [0x00000000c0000000, 0x00000000c2ee0000, 0x00000000d5550000)
  eden space 38400K,   0% used [0x00000000c0000000, 0x00000000c0000000, 0x00000000c2580000)
  from space 4800K,   0% used [0x00000000c2580000, 0x00000000c2580000, 0x00000000c2a30000)
  to   space 4800K,   0% used [0x00000000c2a30000, 0x00000000c2a30000, 0x00000000c2ee0000)
 tenured generation   total 95884K, used 57529K [0x00000000d5550000, 0x00000000db2f3000, 0x0000000100000000)
   the space 95884K,  59% used [0x00000000d5550000, 0x00000000d8d7e710, 0x00000000d8d7e800, 0x00000000db2f3000)
 Metaspace       used 73219K, capacity 74220K, committed 74496K, reserved 1114112K
  class space    used 10502K, capacity 10712K, committed 10752K, reserved 1048576K
}
Event: 1767.557 GC heap before
{Heap before GC invocations=1216 (full 13):
 def new generation   total 43200K, used 38400K [0x00000000c0000000, 0x00000000c2ee0000, 0x00000000d5550000)
  eden space 38400K, 100% used [0x00000000c0000000, 0x00000000c2580000, 0x00000000c2580000)
  from space 4800K,   0% used [0x00000000c2580000, 0x00000000c2580000, 0x00000000c2a30000)
  to   space 4800K,   0% used [0x00000000c2a30000, 0x00000000c2a30000, 0x00000000c2ee0000)
 tenured generation   total 95884K, used 57529K [0x00000000d5550000, 0x00000000db2f3000, 0x0000000100000000)
   the space 95884K,  59% used [0x00000000d5550000, 0x00000000d8d7e710, 0x00000000d8d7e800, 0x00000000db2f3000)
 Metaspace       used 73252K, capacity 74220K, committed 74496K, reserved 1114112K
  class space    used 10504K, capacity 10712K, committed 10752K, reserved 1048576K
Event: 1767.595 GC heap after
Heap after GC invocations=1217 (full 13):
 def new generation   total 43200K, used 4799K [0x00000000c0000000, 0x00000000c2ee0000, 0x00000000d5550000)
  eden space 38400K,   0% used [0x00000000c0000000, 0x00000000c0000000, 0x00000000c2580000)
  from space 4800K,  99% used [0x00000000c2a30000, 0x00000000c2edfff8, 0x00000000c2ee0000)
  to   space 4800K,   0% used [0x00000000c2580000, 0x00000000c2580000, 0x00000000c2a30000)
 tenured generation   total 95884K, used 84029K [0x00000000d5550000, 0x00000000db2f3000, 0x0000000100000000)
   the space 95884K,  87% used [0x00000000d5550000, 0x00000000da75f758, 0x00000000da75f800, 0x00000000db2f3000)
 Metaspace       used 73252K, capacity 74220K, committed 74496K, reserved 1114112K
  class space    used 10504K, capacity 10712K, committed 10752K, reserved 1048576K
}
Event: 1767.655 GC heap before
{Heap before GC invocations=1217 (full 13):
 def new generation   total 43200K, used 43199K [0x00000000c0000000, 0x00000000c2ee0000, 0x00000000d5550000)
  eden space 38400K, 100% used [0x00000000c0000000, 0x00000000c2580000, 0x00000000c2580000)
  from space 4800K,  99% used [0x00000000c2a30000, 0x00000000c2edfff8, 0x00000000c2ee0000)
  to   space 4800K,   0% used [0x00000000c2580000, 0x00000000c2580000, 0x00000000c2a30000)
 tenured generation   total 95884K, used 84029K [0x00000000d5550000, 0x00000000db2f3000, 0x0000000100000000)
   the space 95884K,  87% used [0x00000000d5550000, 0x00000000da75f758, 0x00000000da75f800, 0x00000000db2f3000)
 Metaspace       used 73257K, capacity 74220K, committed 74496K, reserved 1114112K
  class space    used 10505K, capacity 10712K, committed 10752K, reserved 1048576K

